<?xml version="1.0" encoding="UTF-8"?>
<!-- Generated by org.testng.reporters.JUnitReportReporter -->
<testsuite hostname="Sylvester" failures="0" tests="1" name="apitestcases.TC001_GETRequest" time="1.701" errors="0" timestamp="06 Dec 2021 10:36:01 GMT" skipped="0">
  <testcase classname="apitestcases.TC001_GETRequest" name="getuser" time="1.701"/>
</testsuite> <!-- apitestcases.TC001_GETRequest -->
